Using pre-set license
Built from '2021.1/staging' branch; Version is '2021.1.5f1 (3737af19df53) revision 3618735'; Using compiler version '192528614'; Build Type 'Release'
OS: 'Windows 10 Pro; OS build 18363.1440; Version 1909; 64bit' Language: 'zh' Physical Memory: 16328 MB
BatchMode: 1, IsHumanControllingUs: 0, StartBugReporterOnCrash: 0, Is64bit: 1, IsPro: 0

 COMMAND LINE ARGUMENTS:
C:\Program Files\Unity\Hub\Editor\2021.1.5f1\Editor\Unity.exe
-adb2
-batchMode
-noUpm
-name
AssetImportWorker0
-projectPath
D:/RHIT/Game Design/Hw design material/UI Generation Homework student version
-logFile
Logs/AssetImportWorker0.log
-srvPort
59715
Successfully changed project path to: D:/RHIT/Game Design/Hw design material/UI Generation Homework student version
D:/RHIT/Game Design/Hw design material/UI Generation Homework student version
Using Asset Import Pipeline V2.
Refreshing native plugins compatible for Editor in 74.60 ms, found 1 plugins.
Preloading 0 native plugins for Editor in 0.00 ms.
Initialize engine version: 2021.1.5f1 (3737af19df53)
[Subsystems] Discovering subsystems at path C:/Program Files/Unity/Hub/Editor/2021.1.5f1/Editor/Data/Resources/UnitySubsystems
[Subsystems] Discovering subsystems at path D:/RHIT/Game Design/Hw design material/UI Generation Homework student version/Assets
GfxDevice: creating device client; threaded=0; jobified=0
Direct3D:
    Version:  Direct3D 11.0 [level 11.1]
    Renderer: NVIDIA GeForce RTX 2070 (ID=0x1f07)
    Vendor:   NVIDIA
    VRAM:     8031 MB
    Driver:   27.21.14.6611
Initialize mono
Mono path[0] = 'C:/Program Files/Unity/Hub/Editor/2021.1.5f1/Editor/Data/Managed'
Mono path[1] = 'C:/Program Files/Unity/Hub/Editor/2021.1.5f1/Editor/Data/MonoBleedingEdge/lib/mono/unityjit'
Mono config path = 'C:/Program Files/Unity/Hub/Editor/2021.1.5f1/Editor/Data/MonoBleedingEdge/etc'
Using monoOptions --debugger-agent=transport=dt_socket,embedding=1,server=y,suspend=n,address=127.0.0.1:56576
Begin MonoManager ReloadAssembly
Registering precompiled unity dll's ...
Register platform support module: C:/Program Files/Unity/Hub/Editor/2021.1.5f1/Editor/Data/PlaybackEngines/WindowsStandaloneSupport/UnityEditor.WindowsStandalone.Extensions.dll
Registered in 0.001494 seconds.
Native extension for WindowsStandalone target not found
Refreshing native plugins compatible for Editor in 101.87 ms, found 1 plugins.
Preloading 0 native plugins for Editor in 0.00 ms.
Mono: successfully reloaded assembly
- Completed reload, in  1.091 seconds
Platform modules already initialized, skipping
Registering precompiled user dll's ...
Registered in 0.001963 seconds.
Begin MonoManager ReloadAssembly
Native extension for WindowsStandalone target not found
Refreshing native plugins compatible for Editor in 0.40 ms, found 1 plugins.
Preloading 0 native plugins for Editor in 0.00 ms.
Mono: successfully reloaded assembly
- Completed reload, in  0.860 seconds
Platform modules already initialized, skipping
========================================================================
Worker process is ready to serve import requests
Launched and connected shader compiler UnityShaderCompiler.exe after 0.05 seconds
Refreshing native plugins compatible for Editor in 0.74 ms, found 1 plugins.
Preloading 0 native plugins for Editor in 0.00 ms.
Unloading 2669 Unused Serialized files (Serialized files now loaded: 0)
System memory in use before: 101.2 MB.
System memory in use after: 101.4 MB.

Unloading 14 unused Assets to reduce memory usage. Loaded Objects now: 3123.
Total: 1.803900 ms (FindLiveObjects: 0.183700 ms CreateObjectMapping: 0.099600 ms MarkObjects: 1.468000 ms  DeleteObjects: 0.051500 ms)

========================================================================
Received Import Request.
  path: Assets/Scripts/CraftTable.cs
  artifactKey: Guid(9dd9afa027c0b2f458b11378399f3682) Importer(815301076,1909f56bfc062723c751e8b465ee728b)
Start importing Assets/Scripts/CraftTable.cs using Guid(9dd9afa027c0b2f458b11378399f3682) Importer(815301076,1909f56bfc062723c751e8b465ee728b)  -> (artifact id: 'be81a35df89013a0e8578aaa289a0662') in 0.034201 seconds 
========================================================================
Received Import Request.
  Time since last request: 0.000144 seconds.
  path: Assets/Scripts/Equipment.cs
  artifactKey: Guid(3f90098412627804690d7f303f2a7891) Importer(815301076,1909f56bfc062723c751e8b465ee728b)
Start importing Assets/Scripts/Equipment.cs using Guid(3f90098412627804690d7f303f2a7891) Importer(815301076,1909f56bfc062723c751e8b465ee728b)  -> (artifact id: 'd03523ea6c9e86001bcf0fe1f85f1b5c') in 0.004786 seconds 
========================================================================
Received Import Request.
  Time since last request: 0.000273 seconds.
  path: Assets/Scripts/Inventory.cs
  artifactKey: Guid(9ea10c284b74caa4388c2e6ea6b9408d) Importer(815301076,1909f56bfc062723c751e8b465ee728b)
Start importing Assets/Scripts/Inventory.cs using Guid(9ea10c284b74caa4388c2e6ea6b9408d) Importer(815301076,1909f56bfc062723c751e8b465ee728b)  -> (artifact id: 'e811a57dd906b3594335fc45e6572ef8') in 0.004934 seconds 
========================================================================
Received Import Request.
  Time since last request: 0.000211 seconds.
  path: Assets/Scripts
  artifactKey: Guid(cdc7b04e1b9fc0d4980a9653adae264e) Importer(815301076,1909f56bfc062723c751e8b465ee728b)
Start importing Assets/Scripts using Guid(cdc7b04e1b9fc0d4980a9653adae264e) Importer(815301076,1909f56bfc062723c751e8b465ee728b)  -> (artifact id: '1356a09b35dfac62a1910a8da0b0ae28') in 0.005372 seconds 
========================================================================
Received Import Request.
  Time since last request: 0.000173 seconds.
  path: Assets/Scripts/Backpack.cs
  artifactKey: Guid(9ccd8f00a3ad8a04cac13348e1a3219a) Importer(815301076,1909f56bfc062723c751e8b465ee728b)
Start importing Assets/Scripts/Backpack.cs using Guid(9ccd8f00a3ad8a04cac13348e1a3219a) Importer(815301076,1909f56bfc062723c751e8b465ee728b)  -> (artifact id: '7609cb4400a24adaba3a7ee414866824') in 0.004825 seconds 
========================================================================
Received Prepare
Refreshing native plugins compatible for Editor in 1.34 ms, found 1 plugins.
Preloading 0 native plugins for Editor in 0.00 ms.
Unloading 7 Unused Serialized files (Serialized files now loaded: 0)
System memory in use before: 47.5 MB.
System memory in use after: 47.7 MB.

Unloading 7 unused Assets to reduce memory usage. Loaded Objects now: 3123.
Total: 2.078300 ms (FindLiveObjects: 0.306900 ms CreateObjectMapping: 0.113500 ms MarkObjects: 1.640600 ms  DeleteObjects: 0.016400 ms)

========================================================================
Received Prepare
Registering precompiled user dll's ...
Registered in 0.001915 seconds.
Begin MonoManager ReloadAssembly
Native extension for WindowsStandalone target not found
Refreshing native plugins compatible for Editor in 0.43 ms, found 1 plugins.
Preloading 0 native plugins for Editor in 0.00 ms.
Mono: successfully reloaded assembly
- Completed reload, in  0.807 seconds
Platform modules already initialized, skipping
Refreshing native plugins compatible for Editor in 0.49 ms, found 1 plugins.
Preloading 0 native plugins for Editor in 0.00 ms.
Unloading 2659 Unused Serialized files (Serialized files now loaded: 0)
System memory in use before: 101.0 MB.
System memory in use after: 101.2 MB.

Unloading 9 unused Assets to reduce memory usage. Loaded Objects now: 3126.
Total: 1.759500 ms (FindLiveObjects: 0.194300 ms CreateObjectMapping: 0.118800 ms MarkObjects: 1.429200 ms  DeleteObjects: 0.016200 ms)

========================================================================
Received Import Request.
  Time since last request: 49.197451 seconds.
  path: Assets/Sprites
  artifactKey: Guid(9a20926465ec2dc4784dcd2d743c8089) Importer(815301076,1909f56bfc062723c751e8b465ee728b)
Start importing Assets/Sprites using Guid(9a20926465ec2dc4784dcd2d743c8089) Importer(815301076,1909f56bfc062723c751e8b465ee728b)  -> (artifact id: '4417f3b58ebc8b767fd571c2ce2e37cd') in 0.008145 seconds 
========================================================================
Received Import Request.
  Time since last request: 0.424217 seconds.
  path: Assets/Scenes
  artifactKey: Guid(64a94038c39435346b8ed7bc9eb9a2d8) Importer(815301076,1909f56bfc062723c751e8b465ee728b)
Start importing Assets/Scenes using Guid(64a94038c39435346b8ed7bc9eb9a2d8) Importer(815301076,1909f56bfc062723c751e8b465ee728b)  -> (artifact id: '51a866e66783c54a6f1efe03e439f0db') in 0.009965 seconds 
========================================================================
Received Import Request.
  Time since last request: 1.732752 seconds.
  path: Assets/Sprites/_ants.png
  artifactKey: Guid(39a992ab04873c047a985900c2cec08a) Importer(815301076,1909f56bfc062723c751e8b465ee728b)
Start importing Assets/Sprites/_ants.png using Guid(39a992ab04873c047a985900c2cec08a) Importer(815301076,1909f56bfc062723c751e8b465ee728b)  -> (artifact id: '3706c841833b0f7f42a57ccf1666f0bc') in 0.125407 seconds 
========================================================================
Received Import Request.
  Time since last request: 0.000242 seconds.
  path: Assets/Sprites/_temSlot.png
  artifactKey: Guid(fbb638c41d55cc942920698964d9d3f1) Importer(815301076,1909f56bfc062723c751e8b465ee728b)
Start importing Assets/Sprites/_temSlot.png using Guid(fbb638c41d55cc942920698964d9d3f1) Importer(815301076,1909f56bfc062723c751e8b465ee728b)  -> (artifact id: '237dcb92f4e5e475d27f8ddb153c5e1a') in 0.035688 seconds 
========================================================================
Received Import Request.
  Time since last request: 0.000178 seconds.
  path: Assets/Sprites/Listener.prefab
  artifactKey: Guid(72ecedcfa23e94549882398e747b7841) Importer(815301076,1909f56bfc062723c751e8b465ee728b)
Start importing Assets/Sprites/Listener.prefab using Guid(72ecedcfa23e94549882398e747b7841) Importer(815301076,1909f56bfc062723c751e8b465ee728b)  -> (artifact id: '5bf9e214d1db7e74bb6608ba80cc5543') in 0.011625 seconds 
========================================================================
Received Import Request.
  Time since last request: 0.000209 seconds.
  path: Assets/Sprites/Slot.prefab
  artifactKey: Guid(dedd43364611390489cd1faae75135ac) Importer(815301076,1909f56bfc062723c751e8b465ee728b)
Start importing Assets/Sprites/Slot.prefab using Guid(dedd43364611390489cd1faae75135ac) Importer(815301076,1909f56bfc062723c751e8b465ee728b)  -> (artifact id: 'a84623ef97ff75abe8d4e3dcda00573c') in 0.019987 seconds 
========================================================================
Received Import Request.
  Time since last request: 0.000178 seconds.
  path: Assets/Sprites/_lus.png
  artifactKey: Guid(1728054174ba4ef4291db0fb0acb6713) Importer(815301076,1909f56bfc062723c751e8b465ee728b)
Start importing Assets/Sprites/_lus.png using Guid(1728054174ba4ef4291db0fb0acb6713) Importer(815301076,1909f56bfc062723c751e8b465ee728b)  -> (artifact id: '969fdb26e64a2eef864c51677b14c0f5') in 0.027991 seconds 
========================================================================
Received Import Request.
  Time since last request: 0.000151 seconds.
  path: Assets/Sprites/_rmor.png
  artifactKey: Guid(fc98352ea8d484b42b7f9f2f887bb209) Importer(815301076,1909f56bfc062723c751e8b465ee728b)
Start importing Assets/Sprites/_rmor.png using Guid(fc98352ea8d484b42b7f9f2f887bb209) Importer(815301076,1909f56bfc062723c751e8b465ee728b)  -> (artifact id: '050f473d6c654f8c182e340372be5e63') in 0.021755 seconds 
========================================================================
Received Import Request.
  Time since last request: 0.000229 seconds.
  path: Assets/Sprites/Item1.prefab
  artifactKey: Guid(533354edcb3f9404aa0a18e3fcc22eca) Importer(815301076,1909f56bfc062723c751e8b465ee728b)
Start importing Assets/Sprites/Item1.prefab using Guid(533354edcb3f9404aa0a18e3fcc22eca) Importer(815301076,1909f56bfc062723c751e8b465ee728b)  -> (artifact id: '26abc8ffd6fccc0d8077f534c657eeff') in 0.006032 seconds 
========================================================================
Received Import Request.
  Time since last request: 0.000226 seconds.
  path: Assets/Sprites/_elmet.png
  artifactKey: Guid(58bff39d9c1fb114a8e203570f6aebf2) Importer(815301076,1909f56bfc062723c751e8b465ee728b)
Start importing Assets/Sprites/_elmet.png using Guid(58bff39d9c1fb114a8e203570f6aebf2) Importer(815301076,1909f56bfc062723c751e8b465ee728b)  -> (artifact id: '27abdf5bac68c9d90e70fdc5530cb24c') in 0.020596 seconds 
========================================================================
Received Import Request.
  Time since last request: 0.000199 seconds.
  path: Assets/Sprites/_haracter.png
  artifactKey: Guid(99e95cc2bffa2cf44975d73fa0ba5b63) Importer(815301076,1909f56bfc062723c751e8b465ee728b)
Start importing Assets/Sprites/_haracter.png using Guid(99e95cc2bffa2cf44975d73fa0ba5b63) Importer(815301076,1909f56bfc062723c751e8b465ee728b)  -> (artifact id: 'bdf50aa31c483e703958c1768bbfc587') in 0.029178 seconds 
========================================================================
Received Import Request.
  Time since last request: 0.000163 seconds.
  path: Assets/Sprites/pants.prefab
  artifactKey: Guid(ebe487e700c33e643912ddfb8a4ff90b) Importer(815301076,1909f56bfc062723c751e8b465ee728b)
Start importing Assets/Sprites/pants.prefab using Guid(ebe487e700c33e643912ddfb8a4ff90b) Importer(815301076,1909f56bfc062723c751e8b465ee728b)  -> (artifact id: '417b5d9109815fa1013d8431fb8892da') in 0.005832 seconds 
========================================================================
Received Import Request.
  Time since last request: 0.000182 seconds.
  path: Assets/Sprites/helmet.prefab
  artifactKey: Guid(f536e071786c1cd45abb51fc40849bdf) Importer(815301076,1909f56bfc062723c751e8b465ee728b)
Start importing Assets/Sprites/helmet.prefab using Guid(f536e071786c1cd45abb51fc40849bdf) Importer(815301076,1909f56bfc062723c751e8b465ee728b)  -> (artifact id: 'fd8b3d90cc4216f1f35abd2e84150a6f') in 0.006059 seconds 
========================================================================
Received Import Request.
  Time since last request: 0.000180 seconds.
  path: Assets/Sprites/Item2.prefab
  artifactKey: Guid(233f52cf27325654c9b02ac0745babdd) Importer(815301076,1909f56bfc062723c751e8b465ee728b)
Start importing Assets/Sprites/Item2.prefab using Guid(233f52cf27325654c9b02ac0745babdd) Importer(815301076,1909f56bfc062723c751e8b465ee728b)  -> (artifact id: '684d78191ee309b24a519de1785a824e') in 0.005866 seconds 
========================================================================
Received Import Request.
  Time since last request: 0.000250 seconds.
  path: Assets/Sprites/_tem1.png
  artifactKey: Guid(2c8eb50ead27f634e99cd34fabf7cbfb) Importer(815301076,1909f56bfc062723c751e8b465ee728b)
Start importing Assets/Sprites/_tem1.png using Guid(2c8eb50ead27f634e99cd34fabf7cbfb) Importer(815301076,1909f56bfc062723c751e8b465ee728b)  -> (artifact id: '9e594713c6298a5ea2c34c7121954f74') in 0.009527 seconds 
========================================================================
Received Import Request.
  Time since last request: 0.000190 seconds.
  path: Assets/Sprites/_tem2.png
  artifactKey: Guid(ede975a260c5c8b48a70feb9a7c9b93b) Importer(815301076,1909f56bfc062723c751e8b465ee728b)
Start importing Assets/Sprites/_tem2.png using Guid(ede975a260c5c8b48a70feb9a7c9b93b) Importer(815301076,1909f56bfc062723c751e8b465ee728b)  -> (artifact id: '48ec7ea794be17086ae69c255dd4c8a9') in 0.010291 seconds 
========================================================================
Received Import Request.
  Time since last request: 0.000133 seconds.
  path: Assets/Sprites/armor.prefab
  artifactKey: Guid(ce8b37067fa289c4cb0ffb06121ba222) Importer(815301076,1909f56bfc062723c751e8b465ee728b)
Start importing Assets/Sprites/armor.prefab using Guid(ce8b37067fa289c4cb0ffb06121ba222) Importer(815301076,1909f56bfc062723c751e8b465ee728b)  -> (artifact id: 'e2a1becb5ae91a4e24ec65eebced3745') in 0.007877 seconds 
========================================================================
Received Import Request.
  Time since last request: 13.290068 seconds.
  path: Assets/Sprites/Listener 1.prefab
  artifactKey: Guid(f4a3f9ed0feca5049af03123cf56e246) Importer(815301076,1909f56bfc062723c751e8b465ee728b)
Start importing Assets/Sprites/Listener 1.prefab using Guid(f4a3f9ed0feca5049af03123cf56e246) Importer(815301076,1909f56bfc062723c751e8b465ee728b)  -> (artifact id: '42b52fd57d9e4fe2e397fbec7d8e4a00') in 0.005729 seconds 
========================================================================
Received Import Request.
  Time since last request: 15.777914 seconds.
  path: Assets/Sprites/Listener.prefab
  artifactKey: Guid(f4a3f9ed0feca5049af03123cf56e246) Importer(815301076,1909f56bfc062723c751e8b465ee728b)
Start importing Assets/Sprites/Listener.prefab using Guid(f4a3f9ed0feca5049af03123cf56e246) Importer(815301076,1909f56bfc062723c751e8b465ee728b)  -> (artifact id: '232c8b63c55f5139b8839543f5b2a4b4') in 0.002632 seconds 
========================================================================
Received Prepare
Registering precompiled user dll's ...
Registered in 0.001892 seconds.
Begin MonoManager ReloadAssembly
Native extension for WindowsStandalone target not found
Refreshing native plugins compatible for Editor in 0.43 ms, found 1 plugins.
Preloading 0 native plugins for Editor in 0.00 ms.
Mono: successfully reloaded assembly
- Completed reload, in  0.800 seconds
Platform modules already initialized, skipping
Refreshing native plugins compatible for Editor in 0.66 ms, found 1 plugins.
Preloading 0 native plugins for Editor in 0.00 ms.
Unloading 2667 Unused Serialized files (Serialized files now loaded: 0)
System memory in use before: 108.3 MB.
System memory in use after: 108.5 MB.

Unloading 9 unused Assets to reduce memory usage. Loaded Objects now: 3261.
Total: 2.167800 ms (FindLiveObjects: 0.210100 ms CreateObjectMapping: 0.120900 ms MarkObjects: 1.820300 ms  DeleteObjects: 0.015500 ms)

AssetImportWorkerClient::OnTransportError - code=2 error=End of file
